<?xml version="1.0" encoding="UTF-8"?>
<!-- Generated by org.testng.reporters.JUnitReportReporter -->
<testsuite hostname="MAVBCP2226" failures="0" tests="1" name="com.tests.datadriven.DDF" time="49.831" errors="0" timestamp="2022-01-27T16:26:33 IST" skipped="0">
  <testcase classname="com.tests.datadriven.DDF" name="dataLoginTest" time="49.831"/>
  <system-out/>
</testsuite> <!-- com.tests.datadriven.DDF -->
