<?xml version="1.0" encoding="UTF-8"?>
<!-- Generated by org.testng.reporters.JUnitReportReporter -->
<testsuite hostname="MAVBCP2226" failures="0" tests="7" name="keywordDriven.Action_keyword" time="0.101" errors="1" timestamp="2022-01-28T15:03:08 IST" skipped="6">
  <testcase classname="keywordDriven.Action_keyword" name="openBrowser" time="0.101">
    <error message="The driver executable must exist: D:\Selenium\chromedriver.exe" type="java.lang.IllegalStateException">
      <![CDATA[java.lang.IllegalStateException: The driver executable must exist: D:\Selenium\chromedriver.exe
at org.openqa.selenium.internal.Require$FileStateChecker.isFile(Require.java:315)
at org.openqa.selenium.remote.service.DriverService.checkExecutable(DriverService.java:147)
at org.openqa.selenium.remote.service.DriverService.findExecutable(DriverService.java:142)
at org.openqa.selenium.chrome.ChromeDriverService.access$000(ChromeDriverService.java:38)
at org.openqa.selenium.chrome.ChromeDriverService$Builder.findDefaultExecutable(ChromeDriverService.java:231)
at org.openqa.selenium.remote.service.DriverService$Builder.build(DriverService.java:437)
at org.openqa.selenium.chrome.ChromeDriverService.createDefaultService(ChromeDriverService.java:127)
at org.openqa.selenium.chrome.ChromeDriver.<init>(ChromeDriver.java:46)
at keywordDriven.Action_keyword.openBrowser(Action_keyword.java:22)
at java.base/jdk.internal.reflect.NativeMethodAccessorImpl.invoke0(Native Method)
at java.base/jdk.internal.reflect.NativeMethodAccessorImpl.invoke(NativeMethodAccessorImpl.java:77)
at java.base/jdk.internal.reflect.DelegatingMethodAccessorImpl.invoke(DelegatingMethodAccessorImpl.java:43)
at java.base/java.lang.reflect.Method.invoke(Method.java:568)
at org.testng.internal.invokers.MethodInvocationHelper.invokeMethod(MethodInvocationHelper.java:135)
at org.testng.internal.invokers.MethodInvocationHelper.invokeMethodConsideringTimeout(MethodInvocationHelper.java:65)
at org.testng.internal.invokers.ConfigInvoker.invokeConfigurationMethod(ConfigInvoker.java:381)
at org.testng.internal.invokers.ConfigInvoker.invokeConfigurations(ConfigInvoker.java:319)
at org.testng.TestRunner.invokeTestConfigurations(TestRunner.java:645)
at org.testng.TestRunner.beforeRun(TestRunner.java:634)
at org.testng.TestRunner.run(TestRunner.java:596)
at org.testng.SuiteRunner.runTest(SuiteRunner.java:429)
at org.testng.SuiteRunner.runSequentially(SuiteRunner.java:423)
at org.testng.SuiteRunner.privateRun(SuiteRunner.java:383)
at org.testng.SuiteRunner.run(SuiteRunner.java:326)
at org.testng.SuiteRunnerWorker.runSuite(SuiteRunnerWorker.java:52)
at org.testng.SuiteRunnerWorker.run(SuiteRunnerWorker.java:95)
at org.testng.TestNG.runSuitesSequentially(TestNG.java:1249)
at org.testng.TestNG.runSuitesLocally(TestNG.java:1169)
at org.testng.TestNG.runSuites(TestNG.java:1092)
at org.testng.TestNG.run(TestNG.java:1060)
at org.testng.remote.AbstractRemoteTestNG.run(AbstractRemoteTestNG.java:115)
at org.testng.remote.RemoteTestNG.initAndRun(RemoteTestNG.java:251)
at org.testng.remote.RemoteTestNG.main(RemoteTestNG.java:77)
]]>
    </error>
  </testcase> <!-- openBrowser -->
  <system-out/>
  <testcase classname="keywordDriven.Action_keyword" name="navigate" time="0.000">
    <skipped/>
  </testcase> <!-- navigate -->
  <system-out/>
  <testcase classname="keywordDriven.Action_keyword" name="enterEmail" time="0.000">
    <skipped/>
  </testcase> <!-- enterEmail -->
  <system-out/>
  <testcase classname="keywordDriven.Action_keyword" name="enterPassword" time="0.000">
    <skipped/>
  </testcase> <!-- enterPassword -->
  <system-out/>
  <testcase classname="keywordDriven.Action_keyword" name="clickSignIn" time="0.000">
    <skipped/>
  </testcase> <!-- clickSignIn -->
  <system-out/>
  <testcase classname="keywordDriven.Action_keyword" name="logout" time="0.000">
    <skipped/>
  </testcase> <!-- logout -->
  <system-out/>
  <testcase classname="keywordDriven.Action_keyword" name="closeBrowser" time="0.000">
    <skipped/>
  </testcase> <!-- closeBrowser -->
  <system-out/>
</testsuite> <!-- keywordDriven.Action_keyword -->
