<?xml version="1.0" encoding="UTF-8"?>
<!-- Generated by org.testng.reporters.JUnitReportReporter -->
<testsuite hostname="MAVBCP2226" failures="0" tests="1" name="data.driven.framework.DdfSourceCode" time="39.778" errors="0" timestamp="2022-01-28T09:10:34 IST" skipped="0">
  <testcase classname="data.driven.framework.DdfSourceCode" name="DemoGuruWebTest" time="39.778"/>
  <system-out/>
</testsuite> <!-- data.driven.framework.DdfSourceCode -->
