<?xml version="1.0" encoding="UTF-8"?>
<!-- Generated by org.testng.reporters.JUnitReportReporter -->
<testsuite hostname="MAVBCP2226" failures="0" tests="1" name="data.driven.framework.DDF" time="63.686" errors="0" timestamp="2022-01-28T10:46:02 IST" skipped="0">
  <testcase classname="data.driven.framework.DDF" name="DemoGuruWebTest" time="63.686"/>
  <system-out/>
</testsuite> <!-- data.driven.framework.DDF -->
